#
# A fatal error has been detected by the Java Runtime Environment:
#
#  EXCEPTION_ACCESS_VIOLATION (0xc0000005) at pc=0x6d2ef40d, pid=3288, tid=1256
#
# JRE version: Java(TM) SE Runtime Environment (8.0_31-b13) (build 1.8.0_31-b13)
# Java VM: Java HotSpot(TM) Client VM (25.31-b07 mixed mode, sharing windows-x86 )
# Problematic frame:
# V  [jvm.dll+0x9f40d]
#
# Failed to write core dump. Minidumps are not enabled by default on client versions of Windows
#
# If you would like to submit a bug report, please visit:
#   http://bugreport.java.com/bugreport/crash.jsp
#

---------------  T H R E A D  ---------------

Current thread (0x13676000):  JavaThread "AWT-Windows" daemon [_thread_in_vm, id=1256, stack(0x13870000,0x138c0000)]

siginfo: ExceptionCode=0xc0000005, reading address 0x00000001

Registers:
EAX=0x00000001, EBX=0x13676000, ECX=0x133cf9f0, EDX=0x136776a4
ESP=0x138bf5a4, EBP=0x138bf5a8, ESI=0x133d0688, EDI=0x133cf9f0
EIP=0x6d2ef40d, EFLAGS=0x00010202

Top of Stack: (sp=0x138bf5a4)
0x138bf5a4:   133d0208 138bf5e4 6d3022d9 13676000
0x138bf5b4:   13676530 13676000 00000000 138bf5dc
0x138bf5c4:   6d3b3bef 13676530 138bf608 00000000
0x138bf5d4:   00000027 00000027 1282db60 133d0688
0x138bf5e4:   138bf618 6d296cc8 13676000 13676000
0x138bf5f4:   72b398da 00000000 00000000 13676000
0x138bf604:   13676530 00000001 138bf601 13676530
0x138bf614:   12479ec0 138bf6ac 6d2980de 138bf6a8 

Instructions: (pc=0x6d2ef40d)
0x6d2ef3ed:   cc cc cc 8b 41 14 85 c0 75 01 c3 8b 00 c3 cc cc
0x6d2ef3fd:   cc cc cc 55 8b ec 57 8b f9 8b 47 14 85 c0 74 09
0x6d2ef40d:   83 38 00 0f 85 99 00 00 00 8b 07 8b 50 10 ff d2
0x6d2ef41d:   84 c0 75 1d 68 f0 5b 51 6d 68 cc 5b 51 6d 68 bb 


Register to memory mapping:

EAX=0x00000001 is an unknown value
EBX=0x13676000 is a thread
ECX=0x133cf9f0 is pointing into metadata
EDX=0x136776a4 is an unknown value
ESP=0x138bf5a4 is pointing into the stack for thread: 0x13676000
EBP=0x138bf5a8 is pointing into the stack for thread: 0x13676000
ESI=0x133d0688 is pointing into metadata
EDI=0x133cf9f0 is pointing into metadata


Stack: [0x13870000,0x138c0000],  sp=0x138bf5a4,  free space=317k
Native frames: (J=compiled Java code, j=interpreted, Vv=VM code, C=native code)
V  [jvm.dll+0x9f40d]
V  [jvm.dll+0xb22d9]
V  [jvm.dll+0x46cc8]
V  [jvm.dll+0x480de]
V  [jvm.dll+0x4882a]
V  [jvm.dll+0x49a50]
V  [jvm.dll+0x49a9a]
V  [jvm.dll+0xede85]
V  [jvm.dll+0xc9f73]
C  [awt.dll+0x890fa]
C  [awt.dll+0xa6e72]
C  [USER32.dll+0x8734]
C  [USER32.dll+0x8816]
C  [USER32.dll+0x18ea0]
C  [USER32.dll+0x18eec]
C  [ntdll.dll+0xe473]
C  [USER32.dll+0x9402]
C  [awt.dll+0xa3fe3]

Java frames: (J=compiled Java code, j=interpreted, Vv=VM code)
j  sun.awt.windows.WToolkit.eventLoop()V+0
j  sun.awt.windows.WToolkit.run()V+58
j  java.lang.Thread.run()V+11
v  ~StubRoutines::call_stub

---------------  P R O C E S S  ---------------

Java Threads: ( => current thread )
  0x00869c00 JavaThread "DestroyJavaVM" [_thread_blocked, id=1676, stack(0x008d0000,0x00920000)]
  0x13695400 JavaThread "AWT-EventQueue-0" [_thread_in_native, id=412, stack(0x13900000,0x13950000)]
=>0x13676000 JavaThread "AWT-Windows" daemon [_thread_in_vm, id=1256, stack(0x13870000,0x138c0000)]
  0x13674800 JavaThread "AWT-Shutdown" [_thread_blocked, id=1404, stack(0x13820000,0x13870000)]
  0x13673400 JavaThread "Java2D Disposer" daemon [_thread_blocked, id=3492, stack(0x137d0000,0x13820000)]
  0x02a18c00 JavaThread "Service Thread" daemon [_thread_blocked, id=3732, stack(0x13530000,0x13580000)]
  0x02a01800 JavaThread "C1 CompilerThread0" daemon [_thread_blocked, id=1820, stack(0x12f70000,0x12fc0000)]
  0x02a00000 JavaThread "Attach Listener" daemon [_thread_blocked, id=3120, stack(0x12f20000,0x12f70000)]
  0x029fec00 JavaThread "Signal Dispatcher" daemon [_thread_blocked, id=3740, stack(0x12ed0000,0x12f20000)]
  0x029f1800 JavaThread "Finalizer" daemon [_thread_blocked, id=1572, stack(0x12e70000,0x12ec0000)]
  0x029f0400 JavaThread "Reference Handler" daemon [_thread_blocked, id=1604, stack(0x12e20000,0x12e70000)]

Other Threads:
  0x029ee000 VMThread [stack: 0x02bb0000,0x02c00000] [id=3684]
  0x02a2b000 WatcherThread [stack: 0x13580000,0x135d0000] [id=1640]

VM state:synchronizing (normal execution)

VM Mutex/Monitor currently owned by a thread:  ([mutex/lock_event])
[0x00868798] Threads_lock - owner thread: 0x029ee000

Heap:
 def new generation   total 4928K, used 3389K [0x02c00000, 0x03150000, 0x07ea0000)
  eden space 4416K,  76% used [0x02c00000, 0x02f4f580, 0x03050000)
  from space 512K,   0% used [0x03050000, 0x03050000, 0x030d0000)
  to   space 512K,   0% used [0x030d0000, 0x030d0000, 0x03150000)
 tenured generation   total 10944K, used 0K [0x07ea0000, 0x08950000, 0x12400000)
   the space 10944K,   0% used [0x07ea0000, 0x07ea0000, 0x07ea0200, 0x08950000)
 Metaspace       used 1099K, capacity 2408K, committed 2496K, reserved 4480K

Card table byte_map: [0x02ad0000,0x02b50000] byte_map_base: 0x02aba000

Polling page: 0x00920000

CodeCache: size=32768Kb used=846Kb max_used=846Kb free=31921Kb
 bounds [0x00950000, 0x00a28000, 0x02950000]
 total_blobs=333 nmethods=136 adapters=129
 compilation: enabled

Compilation events (10 events):
Event: 1.528 Thread 0x02a01800  132             javax.swing.plaf.nimbus.DerivedColor$UIResource::equals (21 bytes)
Event: 1.529 Thread 0x02a01800 nmethod 132 0x00a22c88 code [0x00a22d90, 0x00a22e6c]
Event: 1.530 Thread 0x02a01800  133             javax.swing.plaf.nimbus.DerivedColor::hashCode (101 bytes)
Event: 1.531 Thread 0x02a01800 nmethod 133 0x00a22ec8 code [0x00a22fd0, 0x00a231ac]
Event: 1.531 Thread 0x02a01800  134             javax.swing.plaf.nimbus.DerivedColor$UIResource::hashCode (8 bytes)
Event: 1.531 Thread 0x02a01800 nmethod 134 0x00a23248 code [0x00a23340, 0x00a233cc]
Event: 1.551 Thread 0x02a01800  135             java.lang.Number::<init> (5 bytes)
Event: 1.552 Thread 0x02a01800 nmethod 135 0x00a23448 code [0x00a23540, 0x00a235c0]
Event: 1.554 Thread 0x02a01800  136             java.util.HashMap::containsKey (18 bytes)
Event: 1.554 Thread 0x02a01800 nmethod 136 0x00a23608 code [0x00a23710, 0x00a23808]

GC Heap History (0 events):
No events

Deoptimization events (0 events):
No events

Internal exceptions (10 events):
Event: 1.110 Thread 0x00869c00 Exception <a 'java/lang/ClassNotFoundException': javax/swing/JToolBarSeparator> (0x02e71ff8) thrown at [C:\re\workspace\8-2-build-windows-i586-cygwin\jdk8u31\2394\hotspot\src\share\vm\classfile\systemDictionary.cpp, line 202]
Event: 1.110 Thread 0x00869c00 Exception <a 'java/lang/ClassNotFoundException': ToolBarSeparator> (0x02e72418) thrown at [C:\re\workspace\8-2-build-windows-i586-cygwin\jdk8u31\2394\hotspot\src\share\vm\classfile\systemDictionary.cpp, line 202]
Event: 1.110 Thread 0x00869c00 Exception <a 'java/lang/ClassNotFoundException': ToolTip> (0x02e72a68) thrown at [C:\re\workspace\8-2-build-windows-i586-cygwin\jdk8u31\2394\hotspot\src\share\vm\classfile\systemDictionary.cpp, line 202]
Event: 1.111 Thread 0x00869c00 Exception <a 'java/lang/ClassNotFoundException': Tree> (0x02e734f8) thrown at [C:\re\workspace\8-2-build-windows-i586-cygwin\jdk8u31\2394\hotspot\src\share\vm\classfile\systemDictionary.cpp, line 202]
Event: 1.111 Thread 0x00869c00 Exception <a 'java/lang/ClassNotFoundException': Tree> (0x02e73b48) thrown at [C:\re\workspace\8-2-build-windows-i586-cygwin\jdk8u31\2394\hotspot\src\share\vm\classfile\systemDictionary.cpp, line 202]
Event: 1.111 Thread 0x00869c00 Exception <a 'java/lang/ClassNotFoundException': javax/swing/JTreeCell> (0x02e73e30) thrown at [C:\re\workspace\8-2-build-windows-i586-cygwin\jdk8u31\2394\hotspot\src\share\vm\classfile\systemDictionary.cpp, line 202]
Event: 1.111 Thread 0x00869c00 Exception <a 'java/lang/ClassNotFoundException': TreeCell> (0x02e74228) thrown at [C:\re\workspace\8-2-build-windows-i586-cygwin\jdk8u31\2394\hotspot\src\share\vm\classfile\systemDictionary.cpp, line 202]
Event: 1.111 Thread 0x00869c00 Exception <a 'java/lang/ClassNotFoundException': RootPane> (0x02e74b48) thrown at [C:\re\workspace\8-2-build-windows-i586-cygwin\jdk8u31\2394\hotspot\src\share\vm\classfile\systemDictionary.cpp, line 202]
Event: 1.144 Thread 0x00869c00 Exception <a 'java/security/PrivilegedActionException'> (0x02ec6348) thrown at [C:\re\workspace\8-2-build-windows-i586-cygwin\jdk8u31\2394\hotspot\src\share\vm\prims\jvm.cpp, line 1312]
Event: 1.535 Thread 0x13695400 Exception <a 'java/security/PrivilegedActionException'> (0x02f42688) thrown at [C:\re\workspace\8-2-build-windows-i586-cygwin\jdk8u31\2394\hotspot\src\share\vm\prims\jvm.cpp, line 1312]

Events (10 events):
Event: 1.545 loading class javax/swing/GroupLayout$ContainerAutoPreferredGapSpring
Event: 1.545 loading class javax/swing/GroupLayout$ContainerAutoPreferredGapSpring done
Event: 1.545 loading class javax/swing/GroupLayout$ComponentSpring
Event: 1.545 loading class javax/swing/GroupLayout$ComponentSpring done
Event: 1.546 loading class javax/swing/GroupLayout$ComponentInfo
Event: 1.546 loading class javax/swing/GroupLayout$ComponentInfo done
Event: 1.546 loading class javax/swing/GroupLayout$GapSpring
Event: 1.547 loading class javax/swing/GroupLayout$GapSpring done
Event: 1.547 loading class javax/swing/GroupLayout$BaselineGroup
Event: 1.547 loading class javax/swing/GroupLayout$BaselineGroup done


Dynamic libraries:
0x00400000 - 0x00430000 	C:\Archivos de programa\Java\jdk1.8.0_31\bin\java.exe
0x7c910000 - 0x7c9c8000 	C:\WINDOWS\system32\ntdll.dll
0x7c800000 - 0x7c903000 	C:\WINDOWS\system32\kernel32.dll
0x77da0000 - 0x77e4c000 	C:\WINDOWS\system32\ADVAPI32.dll
0x77e50000 - 0x77ee2000 	C:\WINDOWS\system32\RPCRT4.dll
0x77fc0000 - 0x77fd1000 	C:\WINDOWS\system32\Secur32.dll
0x7e390000 - 0x7e421000 	C:\WINDOWS\system32\USER32.dll
0x77ef0000 - 0x77f39000 	C:\WINDOWS\system32\GDI32.dll
0x773a0000 - 0x774a3000 	C:\WINDOWS\WinSxS\x86_Microsoft.Windows.Common-Controls_6595b64144ccf1df_6.0.2600.5512_x-ww_35d4ce83\COMCTL32.dll
0x77be0000 - 0x77c38000 	C:\WINDOWS\system32\msvcrt.dll
0x77f40000 - 0x77fb6000 	C:\WINDOWS\system32\SHLWAPI.dll
0x76340000 - 0x7635d000 	C:\WINDOWS\system32\IMM32.DLL
0x78aa0000 - 0x78b5f000 	C:\Archivos de programa\Java\jdk1.8.0_31\jre\bin\msvcr100.dll
0x6d250000 - 0x6d5f4000 	C:\Archivos de programa\Java\jdk1.8.0_31\jre\bin\client\jvm.dll
0x71a50000 - 0x71a5a000 	C:\WINDOWS\system32\WSOCK32.dll
0x71a30000 - 0x71a47000 	C:\WINDOWS\system32\WS2_32.dll
0x71a20000 - 0x71a28000 	C:\WINDOWS\system32\WS2HELP.dll
0x76b00000 - 0x76b2e000 	C:\WINDOWS\system32\WINMM.dll
0x76bb0000 - 0x76bbb000 	C:\WINDOWS\system32\PSAPI.DLL
0x6f6a0000 - 0x6f6ac000 	C:\Archivos de programa\Java\jdk1.8.0_31\jre\bin\verify.dll
0x6dad0000 - 0x6daf1000 	C:\Archivos de programa\Java\jdk1.8.0_31\jre\bin\java.dll
0x6f730000 - 0x6f743000 	C:\Archivos de programa\Java\jdk1.8.0_31\jre\bin\zip.dll
0x7e6a0000 - 0x7eec2000 	C:\WINDOWS\system32\SHELL32.dll
0x76630000 - 0x766e5000 	C:\WINDOWS\system32\USERENV.dll
0x6d100000 - 0x6d246000 	C:\Archivos de programa\Java\jdk1.8.0_31\jre\bin\awt.dll
0x770f0000 - 0x7717b000 	C:\WINDOWS\system32\OLEAUT32.dll
0x774b0000 - 0x775ed000 	C:\WINDOWS\system32\ole32.dll
0x746b0000 - 0x746fc000 	C:\WINDOWS\system32\MSCTF.dll
0x75160000 - 0x7518e000 	C:\WINDOWS\system32\msctfime.ime
0x6d8b0000 - 0x6d8e9000 	C:\Archivos de programa\Java\jdk1.8.0_31\jre\bin\fontmanager.dll
0x5d4b0000 - 0x5d551000 	C:\WINDOWS\system32\dbghelp.dll
0x77bd0000 - 0x77bd8000 	C:\WINDOWS\system32\VERSION.dll

VM Arguments:
jvm_args: -Dfile.encoding=UTF-8 
java_command: explorer.NewJFrame
java_class_path (initial): C:\Archivos de programa\NetBeans 7.4\java\modules\ext\AbsoluteLayout.jar;H:\Labcomp\explorador\build\classes
Launcher Type: SUN_STANDARD

Environment Variables:
PATH=C:\WINDOWS\system32;C:\WINDOWS;C:\WINDOWS\System32\Wbem;C:\Archivos de programa\FreeArc\bin
USERNAME=Administrador
OS=Windows_NT
PROCESSOR_IDENTIFIER=x86 Family 15 Model 4 Stepping 9, GenuineIntel



---------------  S Y S T E M  ---------------

OS: Windows XP Build 2600 Service Pack 3

CPU:total 2 (1 cores per cpu, 2 threads per core) family 15 model 4 stepping 9, cmov, cx8, fxsr, mmx, sse, sse2, sse3, ht, tsc

Memory: 4k page, physical 1015276k(369264k free), swap 2445572k(1923896k free)

vm_info: Java HotSpot(TM) Client VM (25.31-b07) for windows-x86 JRE (1.8.0_31-b13), built on Dec 17 2014 20:46:12 by "java_re" with MS VC++ 10.0 (VS2010)

time: Sun Apr 12 21:52:03 2015
elapsed time: 3 seconds (0d 0h 0m 3s)

